[0.056s] Invoking command in '/home/adri/Documentos/GitHub/IR2117/tb3_ws/build/olympic_interfaces': CMAKE_PREFIX_PATH=${CMAKE_PREFIX_PATH}:/opt/ros/foxy /usr/bin/cmake --build /home/adri/Documentos/GitHub/IR2117/tb3_ws/build/olympic_interfaces -- -j3 -l3
[0.168s] -- Found ament_cmake: 0.9.11 (/opt/ros/foxy/share/ament_cmake/cmake)
[0.206s] -- Using PYTHON_EXECUTABLE: /usr/bin/python3
[0.465s] -- Found ament_lint_auto: 0.9.8 (/opt/ros/foxy/share/ament_lint_auto/cmake)
[0.558s] -- Found rosidl_default_generators: 1.0.1 (/opt/ros/foxy/share/rosidl_default_generators/cmake)
[0.564s] -- Using all available rosidl_typesupport_c: rosidl_typesupport_fastrtps_c;rosidl_typesupport_introspection_c
[0.574s] -- Found rosidl_adapter: 1.3.0 (/opt/ros/foxy/share/rosidl_adapter/cmake)
[0.740s] -- Found OpenSSL: /usr/lib/x86_64-linux-gnu/libcrypto.so (found version "1.1.1f")  
[0.785s] -- Found FastRTPS: /opt/ros/foxy/include  
[0.893s] -- Using all available rosidl_typesupport_cpp: rosidl_typesupport_fastrtps_cpp;rosidl_typesupport_introspection_cpp
[0.969s] -- Found PythonInterp: /usr/bin/python3 (found version "3.8.10") 
[1.187s] -- Found ament_cmake_ros: 0.9.2 (/opt/ros/foxy/share/ament_cmake_ros/cmake)
[1.424s] -- Using all available rosidl_typesupport_c: rosidl_typesupport_fastrtps_c;rosidl_typesupport_introspection_c
[1.478s] -- Using all available rosidl_typesupport_cpp: rosidl_typesupport_fastrtps_cpp;rosidl_typesupport_introspection_cpp
[1.521s] -- Found PythonInterp: /usr/bin/python3 (found suitable version "3.8.10", minimum required is "3.5") 
[1.528s] -- Found python_cmake_module: 0.8.1 (/opt/ros/foxy/share/python_cmake_module/cmake)
[1.582s] -- Found PythonLibs: /usr/lib/x86_64-linux-gnu/libpython3.8.so (found suitable version "3.8.10", minimum required is "3.5") 
[1.582s] -- Using PYTHON_EXECUTABLE: /usr/bin/python3
[1.582s] -- Using PYTHON_INCLUDE_DIRS: /usr/include/python3.8
[1.582s] -- Using PYTHON_LIBRARIES: /usr/lib/x86_64-linux-gnu/libpython3.8.so
[1.612s] -- Found PythonExtra: .so  
[1.699s] -- Added test 'copyright' to check source files copyright and LICENSE
[1.706s] -- Added test 'cppcheck' to perform static code analysis on C / C++ code
[1.708s] -- Configured cppcheck include dirs: 
[1.708s] -- Configured cppcheck exclude dirs and/or files: 
[1.717s] -- Added test 'cpplint' to check C / C++ code against the Google style
[1.717s] -- Configured cpplint exclude dirs and/or files: 
[1.718s] -- Added test 'flake8' to check Python code syntax and style conventions
[1.721s] -- Added test 'lint_cmake' to check CMake code style
[1.722s] -- Added test 'pep257' to check Python code against some of the style conventions in PEP 257
[1.729s] -- Added test 'uncrustify' to check C / C++ code style
[1.729s] -- Configured uncrustify additional arguments: 
[1.731s] -- Added test 'xmllint' to check XML markup files
[1.760s] -- Configuring done
[1.847s] -- Generating done
[1.859s] -- Build files have been written to: /home/adri/Documentos/GitHub/IR2117/tb3_ws/build/olympic_interfaces
[1.904s] [  3%] [34m[1mGenerating C code for ROS interfaces[0m
[1.904s] [35m[1mScanning dependencies of target olympic_interfaces__cpp[0m
[1.922s] [  6%] [34m[1mGenerating C++ code for ROS interfaces[0m
[2.498s] [  6%] Built target olympic_interfaces__cpp
[2.516s] [  9%] [34m[1mGenerating C++ type support for eProsima Fast-RTPS[0m
[2.527s] [ 12%] [34m[1mGenerating C++ introspection for ROS interfaces[0m
[2.527s] [35m[1mScanning dependencies of target olympic_interfaces__rosidl_generator_c[0m
[2.557s] [ 16%] [32mBuilding C object CMakeFiles/olympic_interfaces__rosidl_generator_c.dir/rosidl_generator_c/olympic_interfaces/action/detail/rings__functions.c.o[0m
[2.900s] [ 19%] [32m[1mLinking C shared library libolympic_interfaces__rosidl_generator_c.so[0m
[3.011s] [ 19%] Built target olympic_interfaces__rosidl_generator_c
[3.027s] [ 22%] [34m[1mGenerating C++ type support dispatch for ROS interfaces[0m
[3.081s] [35m[1mScanning dependencies of target olympic_interfaces__rosidl_typesupport_introspection_cpp[0m
[3.119s] [ 25%] [32mBuilding CXX object CMakeFiles/olympic_interfaces__rosidl_typesupport_introspection_cpp.dir/rosidl_typesupport_introspection_cpp/olympic_interfaces/action/detail/rings__type_support.cpp.o[0m
[3.152s] [35m[1mScanning dependencies of target olympic_interfaces__rosidl_typesupport_fastrtps_cpp[0m
[3.197s] [ 29%] [32mBuilding CXX object CMakeFiles/olympic_interfaces__rosidl_typesupport_fastrtps_cpp.dir/rosidl_typesupport_fastrtps_cpp/olympic_interfaces/action/detail/dds_fastrtps/rings__type_support.cpp.o[0m
[3.405s] [35m[1mScanning dependencies of target olympic_interfaces__rosidl_typesupport_cpp[0m
[3.430s] [ 32%] [32mBuilding CXX object CMakeFiles/olympic_interfaces__rosidl_typesupport_cpp.dir/rosidl_typesupport_cpp/olympic_interfaces/action/rings__type_support.cpp.o[0m
[3.643s] [ 35%] [32m[1mLinking CXX shared library libolympic_interfaces__rosidl_typesupport_introspection_cpp.so[0m
[3.794s] [ 35%] Built target olympic_interfaces__rosidl_typesupport_introspection_cpp
[3.810s] [ 38%] [34m[1mGenerating C introspection for ROS interfaces[0m
[3.872s] [ 41%] [32m[1mLinking CXX shared library libolympic_interfaces__rosidl_typesupport_cpp.so[0m
[3.919s] [ 45%] [32m[1mLinking CXX shared library libolympic_interfaces__rosidl_typesupport_fastrtps_cpp.so[0m
[3.935s] [ 45%] Built target olympic_interfaces__rosidl_typesupport_cpp
[3.957s] [ 48%] [34m[1mGenerating C type support dispatch for ROS interfaces[0m
[4.147s] [ 48%] Built target olympic_interfaces__rosidl_typesupport_fastrtps_cpp
[4.168s] [ 51%] [34m[1mGenerating C type support for eProsima Fast-RTPS[0m
[4.364s] [35m[1mScanning dependencies of target olympic_interfaces__rosidl_typesupport_introspection_c[0m
[4.404s] [ 54%] [32mBuilding C object CMakeFiles/olympic_interfaces__rosidl_typesupport_introspection_c.dir/rosidl_typesupport_introspection_c/olympic_interfaces/action/detail/rings__type_support.c.o[0m
[4.412s] [35m[1mScanning dependencies of target olympic_interfaces__rosidl_typesupport_c[0m
[4.437s] [ 58%] [32mBuilding CXX object CMakeFiles/olympic_interfaces__rosidl_typesupport_c.dir/rosidl_typesupport_c/olympic_interfaces/action/rings__type_support.cpp.o[0m
[4.468s] [ 61%] [32m[1mLinking C shared library libolympic_interfaces__rosidl_typesupport_introspection_c.so[0m
[4.514s] [ 64%] [32m[1mLinking CXX shared library libolympic_interfaces__rosidl_typesupport_c.so[0m
[4.521s] [ 64%] Built target olympic_interfaces__rosidl_typesupport_introspection_c
[4.576s] [ 64%] Built target olympic_interfaces__rosidl_typesupport_c
[4.682s] [35m[1mScanning dependencies of target olympic_interfaces__rosidl_typesupport_fastrtps_c[0m
[4.715s] [ 67%] [32mBuilding CXX object CMakeFiles/olympic_interfaces__rosidl_typesupport_fastrtps_c.dir/rosidl_typesupport_fastrtps_c/olympic_interfaces/action/detail/rings__type_support_c.cpp.o[0m
[5.209s] [ 70%] [32m[1mLinking CXX shared library libolympic_interfaces__rosidl_typesupport_fastrtps_c.so[0m
[5.412s] [ 70%] Built target olympic_interfaces__rosidl_typesupport_fastrtps_c
[5.433s] [35m[1mScanning dependencies of target olympic_interfaces[0m
[5.455s] [ 70%] Built target olympic_interfaces
[5.481s] [35m[1mScanning dependencies of target olympic_interfaces__py[0m
[5.507s] [ 74%] [34m[1mGenerating Python code for ROS interfaces[0m
[6.965s] [ 74%] Built target olympic_interfaces__py
[6.983s] [35m[1mScanning dependencies of target olympic_interfaces__python[0m
[7.134s] [ 77%] [32mBuilding C object CMakeFiles/olympic_interfaces__python.dir/rosidl_generator_py/olympic_interfaces/action/_rings_s.c.o[0m
[7.403s] [ 80%] [32m[1mLinking C shared library rosidl_generator_py/olympic_interfaces/libolympic_interfaces__python.so[0m
[7.485s] [ 80%] Built target olympic_interfaces__python
[7.502s] [35m[1mScanning dependencies of target olympic_interfaces__rosidl_typesupport_c__pyext[0m
[7.502s] [35m[1mScanning dependencies of target olympic_interfaces__rosidl_typesupport_introspection_c__pyext[0m
[7.502s] [35m[1mScanning dependencies of target olympic_interfaces__rosidl_typesupport_fastrtps_c__pyext[0m
[7.534s] [ 90%] [32mBuilding C object CMakeFiles/olympic_interfaces__rosidl_typesupport_fastrtps_c__pyext.dir/rosidl_generator_py/olympic_interfaces/_olympic_interfaces_s.ep.rosidl_typesupport_fastrtps_c.c.o[0m
[7.534s] [ 90%] [32mBuilding C object CMakeFiles/olympic_interfaces__rosidl_typesupport_introspection_c__pyext.dir/rosidl_generator_py/olympic_interfaces/_olympic_interfaces_s.ep.rosidl_typesupport_introspection_c.c.o[0m
[7.534s] [ 90%] [32mBuilding C object CMakeFiles/olympic_interfaces__rosidl_typesupport_c__pyext.dir/rosidl_generator_py/olympic_interfaces/_olympic_interfaces_s.ep.rosidl_typesupport_c.c.o[0m
[7.684s] [ 93%] [32m[1mLinking CXX shared library rosidl_generator_py/olympic_interfaces/olympic_interfaces_s__rosidl_typesupport_fastrtps_c.cpython-38-x86_64-linux-gnu.so[0m
[7.695s] [ 96%] [32m[1mLinking C shared library rosidl_generator_py/olympic_interfaces/olympic_interfaces_s__rosidl_typesupport_introspection_c.cpython-38-x86_64-linux-gnu.so[0m
[7.706s] [100%] [32m[1mLinking C shared library rosidl_generator_py/olympic_interfaces/olympic_interfaces_s__rosidl_typesupport_c.cpython-38-x86_64-linux-gnu.so[0m
[7.760s] [100%] Built target olympic_interfaces__rosidl_typesupport_introspection_c__pyext
[7.760s] [100%] Built target olympic_interfaces__rosidl_typesupport_c__pyext
[7.794s] [100%] Built target olympic_interfaces__rosidl_typesupport_fastrtps_c__pyext
[7.817s] Invoked command in '/home/adri/Documentos/GitHub/IR2117/tb3_ws/build/olympic_interfaces' returned '0': CMAKE_PREFIX_PATH=${CMAKE_PREFIX_PATH}:/opt/ros/foxy /usr/bin/cmake --build /home/adri/Documentos/GitHub/IR2117/tb3_ws/build/olympic_interfaces -- -j3 -l3
[7.997s] Invoking command in '/home/adri/Documentos/GitHub/IR2117/tb3_ws/build/olympic_interfaces': CMAKE_PREFIX_PATH=${CMAKE_PREFIX_PATH}:/opt/ros/foxy /usr/bin/cmake --install /home/adri/Documentos/GitHub/IR2117/tb3_ws/build/olympic_interfaces
[8.012s] -- Install configuration: ""
[8.013s] -- Installing: /home/adri/Documentos/GitHub/IR2117/tb3_ws/install/olympic_interfaces/share/ament_index/resource_index/rosidl_interfaces/olympic_interfaces
[8.014s] -- Installing: /home/adri/Documentos/GitHub/IR2117/tb3_ws/install/olympic_interfaces/include/olympic_interfaces
[8.016s] -- Installing: /home/adri/Documentos/GitHub/IR2117/tb3_ws/install/olympic_interfaces/include/olympic_interfaces/msg
[8.017s] -- Installing: /home/adri/Documentos/GitHub/IR2117/tb3_ws/install/olympic_interfaces/include/olympic_interfaces/msg/rosidl_generator_c__visibility_control.h
[8.017s] -- Installing: /home/adri/Documentos/GitHub/IR2117/tb3_ws/install/olympic_interfaces/include/olympic_interfaces/action
[8.018s] -- Installing: /home/adri/Documentos/GitHub/IR2117/tb3_ws/install/olympic_interfaces/include/olympic_interfaces/action/detail
[8.018s] -- Installing: /home/adri/Documentos/GitHub/IR2117/tb3_ws/install/olympic_interfaces/include/olympic_interfaces/action/detail/rings__functions.c
[8.018s] -- Installing: /home/adri/Documentos/GitHub/IR2117/tb3_ws/install/olympic_interfaces/include/olympic_interfaces/action/detail/rings__struct.h
[8.019s] -- Installing: /home/adri/Documentos/GitHub/IR2117/tb3_ws/install/olympic_interfaces/include/olympic_interfaces/action/detail/rings__type_support.h
[8.021s] -- Installing: /home/adri/Documentos/GitHub/IR2117/tb3_ws/install/olympic_interfaces/include/olympic_interfaces/action/detail/rings__functions.h
[8.021s] -- Installing: /home/adri/Documentos/GitHub/IR2117/tb3_ws/install/olympic_interfaces/include/olympic_interfaces/action/rings.h
[8.021s] -- Installing: /home/adri/Documentos/GitHub/IR2117/tb3_ws/install/olympic_interfaces/share/olympic_interfaces/environment/library_path.sh
[8.022s] -- Installing: /home/adri/Documentos/GitHub/IR2117/tb3_ws/install/olympic_interfaces/share/olympic_interfaces/environment/library_path.dsv
[8.022s] -- Installing: /home/adri/Documentos/GitHub/IR2117/tb3_ws/install/olympic_interfaces/lib/libolympic_interfaces__rosidl_generator_c.so
[8.022s] -- Set runtime path of "/home/adri/Documentos/GitHub/IR2117/tb3_ws/install/olympic_interfaces/lib/libolympic_interfaces__rosidl_generator_c.so" to ""
[8.023s] -- Up-to-date: /home/adri/Documentos/GitHub/IR2117/tb3_ws/install/olympic_interfaces/include/olympic_interfaces
[8.024s] -- Up-to-date: /home/adri/Documentos/GitHub/IR2117/tb3_ws/install/olympic_interfaces/include/olympic_interfaces/msg
[8.025s] -- Installing: /home/adri/Documentos/GitHub/IR2117/tb3_ws/install/olympic_interfaces/include/olympic_interfaces/msg/rosidl_typesupport_fastrtps_c__visibility_control.h
[8.025s] -- Up-to-date: /home/adri/Documentos/GitHub/IR2117/tb3_ws/install/olympic_interfaces/include/olympic_interfaces/action
[8.025s] -- Up-to-date: /home/adri/Documentos/GitHub/IR2117/tb3_ws/install/olympic_interfaces/include/olympic_interfaces/action/detail
[8.025s] -- Installing: /home/adri/Documentos/GitHub/IR2117/tb3_ws/install/olympic_interfaces/include/olympic_interfaces/action/detail/rings__rosidl_typesupport_fastrtps_c.h
[8.025s] -- Installing: /home/adri/Documentos/GitHub/IR2117/tb3_ws/install/olympic_interfaces/lib/libolympic_interfaces__rosidl_typesupport_fastrtps_c.so
[8.026s] -- Set runtime path of "/home/adri/Documentos/GitHub/IR2117/tb3_ws/install/olympic_interfaces/lib/libolympic_interfaces__rosidl_typesupport_fastrtps_c.so" to ""
[8.026s] -- Up-to-date: /home/adri/Documentos/GitHub/IR2117/tb3_ws/install/olympic_interfaces/include/olympic_interfaces
[8.026s] -- Up-to-date: /home/adri/Documentos/GitHub/IR2117/tb3_ws/install/olympic_interfaces/include/olympic_interfaces/msg
[8.026s] -- Installing: /home/adri/Documentos/GitHub/IR2117/tb3_ws/install/olympic_interfaces/include/olympic_interfaces/msg/rosidl_typesupport_fastrtps_cpp__visibility_control.h
[8.026s] -- Up-to-date: /home/adri/Documentos/GitHub/IR2117/tb3_ws/install/olympic_interfaces/include/olympic_interfaces/action
[8.026s] -- Up-to-date: /home/adri/Documentos/GitHub/IR2117/tb3_ws/install/olympic_interfaces/include/olympic_interfaces/action/detail
[8.026s] -- Installing: /home/adri/Documentos/GitHub/IR2117/tb3_ws/install/olympic_interfaces/include/olympic_interfaces/action/detail/rings__rosidl_typesupport_fastrtps_cpp.hpp
[8.026s] -- Installing: /home/adri/Documentos/GitHub/IR2117/tb3_ws/install/olympic_interfaces/include/olympic_interfaces/action/detail/dds_fastrtps
[8.026s] -- Installing: /home/adri/Documentos/GitHub/IR2117/tb3_ws/install/olympic_interfaces/lib/libolympic_interfaces__rosidl_typesupport_fastrtps_cpp.so
[8.027s] -- Set runtime path of "/home/adri/Documentos/GitHub/IR2117/tb3_ws/install/olympic_interfaces/lib/libolympic_interfaces__rosidl_typesupport_fastrtps_cpp.so" to ""
[8.027s] -- Up-to-date: /home/adri/Documentos/GitHub/IR2117/tb3_ws/install/olympic_interfaces/include/olympic_interfaces
[8.028s] -- Up-to-date: /home/adri/Documentos/GitHub/IR2117/tb3_ws/install/olympic_interfaces/include/olympic_interfaces/msg
[8.028s] -- Installing: /home/adri/Documentos/GitHub/IR2117/tb3_ws/install/olympic_interfaces/include/olympic_interfaces/msg/rosidl_typesupport_introspection_c__visibility_control.h
[8.029s] -- Up-to-date: /home/adri/Documentos/GitHub/IR2117/tb3_ws/install/olympic_interfaces/include/olympic_interfaces/action
[8.030s] -- Up-to-date: /home/adri/Documentos/GitHub/IR2117/tb3_ws/install/olympic_interfaces/include/olympic_interfaces/action/detail
[8.030s] -- Installing: /home/adri/Documentos/GitHub/IR2117/tb3_ws/install/olympic_interfaces/include/olympic_interfaces/action/detail/rings__type_support.c
[8.030s] -- Installing: /home/adri/Documentos/GitHub/IR2117/tb3_ws/install/olympic_interfaces/include/olympic_interfaces/action/detail/rings__rosidl_typesupport_introspection_c.h
[8.030s] -- Installing: /home/adri/Documentos/GitHub/IR2117/tb3_ws/install/olympic_interfaces/lib/libolympic_interfaces__rosidl_typesupport_introspection_c.so
[8.031s] -- Set runtime path of "/home/adri/Documentos/GitHub/IR2117/tb3_ws/install/olympic_interfaces/lib/libolympic_interfaces__rosidl_typesupport_introspection_c.so" to ""
[8.031s] -- Installing: /home/adri/Documentos/GitHub/IR2117/tb3_ws/install/olympic_interfaces/lib/libolympic_interfaces__rosidl_typesupport_c.so
[8.031s] -- Set runtime path of "/home/adri/Documentos/GitHub/IR2117/tb3_ws/install/olympic_interfaces/lib/libolympic_interfaces__rosidl_typesupport_c.so" to ""
[8.031s] -- Up-to-date: /home/adri/Documentos/GitHub/IR2117/tb3_ws/install/olympic_interfaces/include/olympic_interfaces
[8.032s] -- Up-to-date: /home/adri/Documentos/GitHub/IR2117/tb3_ws/install/olympic_interfaces/include/olympic_interfaces/action
[8.032s] -- Up-to-date: /home/adri/Documentos/GitHub/IR2117/tb3_ws/install/olympic_interfaces/include/olympic_interfaces/action/detail
[8.032s] -- Installing: /home/adri/Documentos/GitHub/IR2117/tb3_ws/install/olympic_interfaces/include/olympic_interfaces/action/detail/rings__struct.hpp
[8.032s] -- Installing: /home/adri/Documentos/GitHub/IR2117/tb3_ws/install/olympic_interfaces/include/olympic_interfaces/action/detail/rings__traits.hpp
[8.033s] -- Installing: /home/adri/Documentos/GitHub/IR2117/tb3_ws/install/olympic_interfaces/include/olympic_interfaces/action/detail/rings__builder.hpp
[8.033s] -- Installing: /home/adri/Documentos/GitHub/IR2117/tb3_ws/install/olympic_interfaces/include/olympic_interfaces/action/rings.hpp
[8.033s] -- Up-to-date: /home/adri/Documentos/GitHub/IR2117/tb3_ws/install/olympic_interfaces/include/olympic_interfaces
[8.033s] -- Up-to-date: /home/adri/Documentos/GitHub/IR2117/tb3_ws/install/olympic_interfaces/include/olympic_interfaces/action
[8.033s] -- Up-to-date: /home/adri/Documentos/GitHub/IR2117/tb3_ws/install/olympic_interfaces/include/olympic_interfaces/action/detail
[8.033s] -- Installing: /home/adri/Documentos/GitHub/IR2117/tb3_ws/install/olympic_interfaces/include/olympic_interfaces/action/detail/rings__type_support.cpp
[8.033s] -- Installing: /home/adri/Documentos/GitHub/IR2117/tb3_ws/install/olympic_interfaces/include/olympic_interfaces/action/detail/rings__rosidl_typesupport_introspection_cpp.hpp
[8.033s] -- Installing: /home/adri/Documentos/GitHub/IR2117/tb3_ws/install/olympic_interfaces/lib/libolympic_interfaces__rosidl_typesupport_introspection_cpp.so
[8.034s] -- Set runtime path of "/home/adri/Documentos/GitHub/IR2117/tb3_ws/install/olympic_interfaces/lib/libolympic_interfaces__rosidl_typesupport_introspection_cpp.so" to ""
[8.034s] -- Installing: /home/adri/Documentos/GitHub/IR2117/tb3_ws/install/olympic_interfaces/lib/libolympic_interfaces__rosidl_typesupport_cpp.so
[8.034s] -- Set runtime path of "/home/adri/Documentos/GitHub/IR2117/tb3_ws/install/olympic_interfaces/lib/libolympic_interfaces__rosidl_typesupport_cpp.so" to ""
[8.034s] -- Installing: /home/adri/Documentos/GitHub/IR2117/tb3_ws/install/olympic_interfaces/share/olympic_interfaces/environment/pythonpath.sh
[8.034s] -- Installing: /home/adri/Documentos/GitHub/IR2117/tb3_ws/install/olympic_interfaces/share/olympic_interfaces/environment/pythonpath.dsv
[8.035s] -- Installing: /home/adri/Documentos/GitHub/IR2117/tb3_ws/install/olympic_interfaces/lib/python3.8/site-packages/olympic_interfaces/__init__.py
[8.084s] Compiling '/home/adri/Documentos/GitHub/IR2117/tb3_ws/install/olympic_interfaces/lib/python3.8/site-packages/olympic_interfaces/__init__.py'...
[8.090s] -- Installing: /home/adri/Documentos/GitHub/IR2117/tb3_ws/install/olympic_interfaces/lib/python3.8/site-packages/olympic_interfaces/action
[8.091s] -- Installing: /home/adri/Documentos/GitHub/IR2117/tb3_ws/install/olympic_interfaces/lib/python3.8/site-packages/olympic_interfaces/action/_rings_s.c
[8.092s] -- Installing: /home/adri/Documentos/GitHub/IR2117/tb3_ws/install/olympic_interfaces/lib/python3.8/site-packages/olympic_interfaces/action/_rings.py
[8.092s] -- Installing: /home/adri/Documentos/GitHub/IR2117/tb3_ws/install/olympic_interfaces/lib/python3.8/site-packages/olympic_interfaces/action/__init__.py
[8.092s] -- Installing: /home/adri/Documentos/GitHub/IR2117/tb3_ws/install/olympic_interfaces/lib/python3.8/site-packages/olympic_interfaces/olympic_interfaces_s__rosidl_typesupport_fastrtps_c.cpython-38-x86_64-linux-gnu.so
[8.095s] -- Set runtime path of "/home/adri/Documentos/GitHub/IR2117/tb3_ws/install/olympic_interfaces/lib/python3.8/site-packages/olympic_interfaces/olympic_interfaces_s__rosidl_typesupport_fastrtps_c.cpython-38-x86_64-linux-gnu.so" to ""
[8.095s] -- Installing: /home/adri/Documentos/GitHub/IR2117/tb3_ws/install/olympic_interfaces/lib/python3.8/site-packages/olympic_interfaces/olympic_interfaces_s__rosidl_typesupport_introspection_c.cpython-38-x86_64-linux-gnu.so
[8.097s] -- Set runtime path of "/home/adri/Documentos/GitHub/IR2117/tb3_ws/install/olympic_interfaces/lib/python3.8/site-packages/olympic_interfaces/olympic_interfaces_s__rosidl_typesupport_introspection_c.cpython-38-x86_64-linux-gnu.so" to ""
[8.098s] -- Installing: /home/adri/Documentos/GitHub/IR2117/tb3_ws/install/olympic_interfaces/lib/python3.8/site-packages/olympic_interfaces/olympic_interfaces_s__rosidl_typesupport_c.cpython-38-x86_64-linux-gnu.so
[8.098s] -- Set runtime path of "/home/adri/Documentos/GitHub/IR2117/tb3_ws/install/olympic_interfaces/lib/python3.8/site-packages/olympic_interfaces/olympic_interfaces_s__rosidl_typesupport_c.cpython-38-x86_64-linux-gnu.so" to ""
[8.098s] -- Installing: /home/adri/Documentos/GitHub/IR2117/tb3_ws/install/olympic_interfaces/lib/libolympic_interfaces__python.so
[8.103s] -- Set runtime path of "/home/adri/Documentos/GitHub/IR2117/tb3_ws/install/olympic_interfaces/lib/libolympic_interfaces__python.so" to ""
[8.104s] -- Installing: /home/adri/Documentos/GitHub/IR2117/tb3_ws/install/olympic_interfaces/share/olympic_interfaces/action/Rings.idl
[8.104s] -- Installing: /home/adri/Documentos/GitHub/IR2117/tb3_ws/install/olympic_interfaces/share/olympic_interfaces/action/Rings.action
[8.104s] -- Installing: /home/adri/Documentos/GitHub/IR2117/tb3_ws/install/olympic_interfaces/share/ament_index/resource_index/package_run_dependencies/olympic_interfaces
[8.105s] -- Installing: /home/adri/Documentos/GitHub/IR2117/tb3_ws/install/olympic_interfaces/share/ament_index/resource_index/parent_prefix_path/olympic_interfaces
[8.105s] -- Up-to-date: /home/adri/Documentos/GitHub/IR2117/tb3_ws/install/olympic_interfaces/share/olympic_interfaces/environment/ament_prefix_path.sh
[8.105s] -- Installing: /home/adri/Documentos/GitHub/IR2117/tb3_ws/install/olympic_interfaces/share/olympic_interfaces/environment/ament_prefix_path.dsv
[8.106s] -- Up-to-date: /home/adri/Documentos/GitHub/IR2117/tb3_ws/install/olympic_interfaces/share/olympic_interfaces/environment/path.sh
[8.106s] -- Installing: /home/adri/Documentos/GitHub/IR2117/tb3_ws/install/olympic_interfaces/share/olympic_interfaces/environment/path.dsv
[8.108s] -- Up-to-date: /home/adri/Documentos/GitHub/IR2117/tb3_ws/install/olympic_interfaces/share/olympic_interfaces/local_setup.bash
[8.109s] -- Installing: /home/adri/Documentos/GitHub/IR2117/tb3_ws/install/olympic_interfaces/share/olympic_interfaces/local_setup.sh
[8.110s] -- Up-to-date: /home/adri/Documentos/GitHub/IR2117/tb3_ws/install/olympic_interfaces/share/olympic_interfaces/local_setup.zsh
[8.110s] -- Installing: /home/adri/Documentos/GitHub/IR2117/tb3_ws/install/olympic_interfaces/share/olympic_interfaces/local_setup.dsv
[8.110s] -- Installing: /home/adri/Documentos/GitHub/IR2117/tb3_ws/install/olympic_interfaces/share/olympic_interfaces/package.dsv
[8.110s] -- Up-to-date: /home/adri/Documentos/GitHub/IR2117/tb3_ws/install/olympic_interfaces/share/ament_index/resource_index/packages/olympic_interfaces
[8.111s] -- Installing: /home/adri/Documentos/GitHub/IR2117/tb3_ws/install/olympic_interfaces/share/olympic_interfaces/cmake/olympic_interfaces__rosidl_generator_cExport.cmake
[8.112s] -- Installing: /home/adri/Documentos/GitHub/IR2117/tb3_ws/install/olympic_interfaces/share/olympic_interfaces/cmake/olympic_interfaces__rosidl_generator_cExport-noconfig.cmake
[8.113s] -- Installing: /home/adri/Documentos/GitHub/IR2117/tb3_ws/install/olympic_interfaces/share/olympic_interfaces/cmake/olympic_interfaces__rosidl_typesupport_introspection_cExport.cmake
[8.114s] -- Installing: /home/adri/Documentos/GitHub/IR2117/tb3_ws/install/olympic_interfaces/share/olympic_interfaces/cmake/olympic_interfaces__rosidl_typesupport_introspection_cExport-noconfig.cmake
[8.116s] -- Installing: /home/adri/Documentos/GitHub/IR2117/tb3_ws/install/olympic_interfaces/share/olympic_interfaces/cmake/olympic_interfaces__rosidl_typesupport_cExport.cmake
[8.116s] -- Installing: /home/adri/Documentos/GitHub/IR2117/tb3_ws/install/olympic_interfaces/share/olympic_interfaces/cmake/olympic_interfaces__rosidl_typesupport_cExport-noconfig.cmake
[8.116s] -- Installing: /home/adri/Documentos/GitHub/IR2117/tb3_ws/install/olympic_interfaces/share/olympic_interfaces/cmake/olympic_interfaces__rosidl_generator_cppExport.cmake
[8.116s] -- Installing: /home/adri/Documentos/GitHub/IR2117/tb3_ws/install/olympic_interfaces/share/olympic_interfaces/cmake/olympic_interfaces__rosidl_typesupport_introspection_cppExport.cmake
[8.116s] -- Installing: /home/adri/Documentos/GitHub/IR2117/tb3_ws/install/olympic_interfaces/share/olympic_interfaces/cmake/olympic_interfaces__rosidl_typesupport_introspection_cppExport-noconfig.cmake
[8.117s] -- Installing: /home/adri/Documentos/GitHub/IR2117/tb3_ws/install/olympic_interfaces/share/olympic_interfaces/cmake/olympic_interfaces__rosidl_typesupport_cppExport.cmake
[8.117s] -- Installing: /home/adri/Documentos/GitHub/IR2117/tb3_ws/install/olympic_interfaces/share/olympic_interfaces/cmake/olympic_interfaces__rosidl_typesupport_cppExport-noconfig.cmake
[8.117s] -- Installing: /home/adri/Documentos/GitHub/IR2117/tb3_ws/install/olympic_interfaces/share/olympic_interfaces/cmake/rosidl_cmake-extras.cmake
[8.117s] -- Installing: /home/adri/Documentos/GitHub/IR2117/tb3_ws/install/olympic_interfaces/share/olympic_interfaces/cmake/ament_cmake_export_dependencies-extras.cmake
[8.117s] -- Installing: /home/adri/Documentos/GitHub/IR2117/tb3_ws/install/olympic_interfaces/share/olympic_interfaces/cmake/ament_cmake_export_libraries-extras.cmake
[8.117s] -- Installing: /home/adri/Documentos/GitHub/IR2117/tb3_ws/install/olympic_interfaces/share/olympic_interfaces/cmake/ament_cmake_export_targets-extras.cmake
[8.117s] -- Installing: /home/adri/Documentos/GitHub/IR2117/tb3_ws/install/olympic_interfaces/share/olympic_interfaces/cmake/ament_cmake_export_include_directories-extras.cmake
[8.117s] -- Installing: /home/adri/Documentos/GitHub/IR2117/tb3_ws/install/olympic_interfaces/share/olympic_interfaces/cmake/rosidl_cmake_export_typesupport_libraries-extras.cmake
[8.117s] -- Installing: /home/adri/Documentos/GitHub/IR2117/tb3_ws/install/olympic_interfaces/share/olympic_interfaces/cmake/rosidl_cmake_export_typesupport_targets-extras.cmake
[8.118s] -- Installing: /home/adri/Documentos/GitHub/IR2117/tb3_ws/install/olympic_interfaces/share/olympic_interfaces/cmake/olympic_interfacesConfig.cmake
[8.118s] -- Up-to-date: /home/adri/Documentos/GitHub/IR2117/tb3_ws/install/olympic_interfaces/share/olympic_interfaces/cmake/olympic_interfacesConfig-version.cmake
[8.118s] -- Installing: /home/adri/Documentos/GitHub/IR2117/tb3_ws/install/olympic_interfaces/share/olympic_interfaces/package.xml
[8.122s] Invoked command in '/home/adri/Documentos/GitHub/IR2117/tb3_ws/build/olympic_interfaces' returned '0': CMAKE_PREFIX_PATH=${CMAKE_PREFIX_PATH}:/opt/ros/foxy /usr/bin/cmake --install /home/adri/Documentos/GitHub/IR2117/tb3_ws/build/olympic_interfaces
