[0.029s] Invoking command in '/home/adri/Documentos/GitHub/IR2117/tb3_ws/build/olympic': CMAKE_PREFIX_PATH=${CMAKE_PREFIX_PATH}:/opt/ros/foxy /usr/bin/cmake --build /home/adri/Documentos/GitHub/IR2117/tb3_ws/build/olympic -- -j3 -l3
[0.109s] [35m[1mScanning dependencies of target rings[0m
[0.152s] [ 50%] [32mBuilding CXX object CMakeFiles/rings.dir/src/rings.cpp.o[0m
[7.546s] [100%] [32m[1mLinking CXX executable rings[0m
[8.060s] [100%] Built target rings
[8.077s] Invoked command in '/home/adri/Documentos/GitHub/IR2117/tb3_ws/build/olympic' returned '0': CMAKE_PREFIX_PATH=${CMAKE_PREFIX_PATH}:/opt/ros/foxy /usr/bin/cmake --build /home/adri/Documentos/GitHub/IR2117/tb3_ws/build/olympic -- -j3 -l3
[8.176s] Invoking command in '/home/adri/Documentos/GitHub/IR2117/tb3_ws/build/olympic': CMAKE_PREFIX_PATH=${CMAKE_PREFIX_PATH}:/opt/ros/foxy /usr/bin/cmake --install /home/adri/Documentos/GitHub/IR2117/tb3_ws/build/olympic
[8.187s] -- Install configuration: ""
[8.187s] -- Installing: /home/adri/Documentos/GitHub/IR2117/tb3_ws/install/olympic/lib/olympic/rings
[8.189s] -- Set runtime path of "/home/adri/Documentos/GitHub/IR2117/tb3_ws/install/olympic/lib/olympic/rings" to ""
[8.189s] -- Installing: /home/adri/Documentos/GitHub/IR2117/tb3_ws/install/olympic/share/ament_index/resource_index/package_run_dependencies/olympic
[8.189s] -- Installing: /home/adri/Documentos/GitHub/IR2117/tb3_ws/install/olympic/share/ament_index/resource_index/parent_prefix_path/olympic
[8.189s] -- Installing: /home/adri/Documentos/GitHub/IR2117/tb3_ws/install/olympic/share/olympic/environment/ament_prefix_path.sh
[8.190s] -- Installing: /home/adri/Documentos/GitHub/IR2117/tb3_ws/install/olympic/share/olympic/environment/ament_prefix_path.dsv
[8.191s] -- Installing: /home/adri/Documentos/GitHub/IR2117/tb3_ws/install/olympic/share/olympic/environment/path.sh
[8.193s] -- Installing: /home/adri/Documentos/GitHub/IR2117/tb3_ws/install/olympic/share/olympic/environment/path.dsv
[8.193s] -- Installing: /home/adri/Documentos/GitHub/IR2117/tb3_ws/install/olympic/share/olympic/local_setup.bash
[8.193s] -- Installing: /home/adri/Documentos/GitHub/IR2117/tb3_ws/install/olympic/share/olympic/local_setup.sh
[8.194s] -- Installing: /home/adri/Documentos/GitHub/IR2117/tb3_ws/install/olympic/share/olympic/local_setup.zsh
[8.194s] -- Installing: /home/adri/Documentos/GitHub/IR2117/tb3_ws/install/olympic/share/olympic/local_setup.dsv
[8.194s] -- Installing: /home/adri/Documentos/GitHub/IR2117/tb3_ws/install/olympic/share/olympic/package.dsv
[8.195s] -- Installing: /home/adri/Documentos/GitHub/IR2117/tb3_ws/install/olympic/share/ament_index/resource_index/packages/olympic
[8.196s] -- Installing: /home/adri/Documentos/GitHub/IR2117/tb3_ws/install/olympic/share/olympic/cmake/olympicConfig.cmake
[8.196s] -- Installing: /home/adri/Documentos/GitHub/IR2117/tb3_ws/install/olympic/share/olympic/cmake/olympicConfig-version.cmake
[8.196s] -- Installing: /home/adri/Documentos/GitHub/IR2117/tb3_ws/install/olympic/share/olympic/package.xml
[8.201s] Invoked command in '/home/adri/Documentos/GitHub/IR2117/tb3_ws/build/olympic' returned '0': CMAKE_PREFIX_PATH=${CMAKE_PREFIX_PATH}:/opt/ros/foxy /usr/bin/cmake --install /home/adri/Documentos/GitHub/IR2117/tb3_ws/build/olympic
