[0.063s] Invoking command in '/home/adri/Documentos/GitHub/IR2117/tb3_ws/build/obstacles': CMAKE_PREFIX_PATH=${CMAKE_PREFIX_PATH}:/opt/ros/foxy /usr/bin/cmake /home/adri/Documentos/GitHub/IR2117/tb3_ws/src/obstacles -DCMAKE_INSTALL_PREFIX=/home/adri/Documentos/GitHub/IR2117/tb3_ws/install/obstacles
[0.106s] -- Found ament_cmake: 0.9.11 (/opt/ros/foxy/share/ament_cmake/cmake)
[0.149s] -- Using PYTHON_EXECUTABLE: /usr/bin/python3
[0.362s] -- Found rclcpp: 2.4.2 (/opt/ros/foxy/share/rclcpp/cmake)
[0.423s] -- Using all available rosidl_typesupport_c: rosidl_typesupport_fastrtps_c;rosidl_typesupport_introspection_c
[0.428s] -- Found rosidl_adapter: 1.3.0 (/opt/ros/foxy/share/rosidl_adapter/cmake)
[0.596s] -- Using all available rosidl_typesupport_cpp: rosidl_typesupport_fastrtps_cpp;rosidl_typesupport_introspection_cpp
[0.667s] -- Found rmw_implementation_cmake: 1.0.4 (/opt/ros/foxy/share/rmw_implementation_cmake/cmake)
[0.669s] -- Using RMW implementation 'rmw_fastrtps_cpp' as default
[0.859s] -- Found sensor_msgs: 2.0.5 (/opt/ros/foxy/share/sensor_msgs/cmake)
[1.007s] -- Found example_interfaces: 0.9.1 (/opt/ros/foxy/share/example_interfaces/cmake)
[1.164s] -- Found ament_lint_auto: 0.9.8 (/opt/ros/foxy/share/ament_lint_auto/cmake)
[1.255s] -- Added test 'copyright' to check source files copyright and LICENSE
[1.259s] -- Added test 'cppcheck' to perform static code analysis on C / C++ code
[1.260s] -- Configured cppcheck include dirs: 
[1.260s] -- Configured cppcheck exclude dirs and/or files: 
[1.264s] -- Added test 'cpplint' to check C / C++ code against the Google style
[1.264s] -- Configured cpplint exclude dirs and/or files: 
[1.265s] -- Added test 'flake8' to check Python code syntax and style conventions
[1.267s] -- Added test 'lint_cmake' to check CMake code style
[1.268s] -- Added test 'pep257' to check Python code against some of the style conventions in PEP 257
[1.273s] -- Added test 'uncrustify' to check C / C++ code style
[1.273s] -- Configured uncrustify additional arguments: 
[1.274s] -- Added test 'xmllint' to check XML markup files
[1.277s] -- Configuring done
[1.305s] -- Generating done
[1.309s] -- Build files have been written to: /home/adri/Documentos/GitHub/IR2117/tb3_ws/src/obstacles
