[0.020s] Invoking command in '/home/usuario/Documentos/GitHub/IR2117/tb3_ws/src/olympic_interfaces/build/olympic_interfaces': CMAKE_PREFIX_PATH=/opt/ros/foxy /usr/bin/cmake /home/usuario/Documentos/GitHub/IR2117/tb3_ws/src/olympic_interfaces -DCMAKE_INSTALL_PREFIX=/home/usuario/Documentos/GitHub/IR2117/tb3_ws/src/olympic_interfaces/install/olympic_interfaces
[0.187s] -- The C compiler identification is GNU 9.4.0
[0.313s] -- The CXX compiler identification is GNU 9.4.0
[0.321s] -- Check for working C compiler: /usr/bin/cc
[0.407s] -- Check for working C compiler: /usr/bin/cc -- works
[0.409s] -- Detecting C compiler ABI info
[0.490s] -- Detecting C compiler ABI info - done
[0.502s] -- Detecting C compile features
[0.502s] -- Detecting C compile features - done
[0.506s] -- Check for working CXX compiler: /usr/bin/c++
[0.589s] -- Check for working CXX compiler: /usr/bin/c++ -- works
[0.591s] -- Detecting CXX compiler ABI info
[0.675s] -- Detecting CXX compiler ABI info - done
[0.688s] -- Detecting CXX compile features
[0.689s] -- Detecting CXX compile features - done
[0.695s] -- Found ament_cmake: 0.9.11 (/opt/ros/foxy/share/ament_cmake/cmake)
[0.726s] -- Found PythonInterp: /usr/bin/python3 (found suitable version "3.8.10", minimum required is "3") 
[0.726s] -- Using PYTHON_EXECUTABLE: /usr/bin/python3
[0.906s] -- Found ament_lint_auto: 0.9.7 (/opt/ros/foxy/share/ament_lint_auto/cmake)
[0.990s] -- Added test 'copyright' to check source files copyright and LICENSE
[0.994s] -- Added test 'cppcheck' to perform static code analysis on C / C++ code
[0.994s] -- Configured cppcheck include dirs: 
[0.994s] -- Configured cppcheck exclude dirs and/or files: 
[0.997s] -- Added test 'cpplint' to check C / C++ code against the Google style
[0.997s] -- Configured cpplint exclude dirs and/or files: 
[0.998s] -- Added test 'lint_cmake' to check CMake code style
[1.001s] -- Added test 'uncrustify' to check C / C++ code style
[1.001s] -- Configured uncrustify additional arguments: 
[1.002s] -- Added test 'xmllint' to check XML markup files
[1.007s] -- Configuring done
[1.009s] -- Generating done
[1.012s] -- Build files have been written to: /home/usuario/Documentos/GitHub/IR2117/tb3_ws/src/olympic_interfaces/build/olympic_interfaces
[1.015s] Invoked command in '/home/usuario/Documentos/GitHub/IR2117/tb3_ws/src/olympic_interfaces/build/olympic_interfaces' returned '0': CMAKE_PREFIX_PATH=/opt/ros/foxy /usr/bin/cmake /home/usuario/Documentos/GitHub/IR2117/tb3_ws/src/olympic_interfaces -DCMAKE_INSTALL_PREFIX=/home/usuario/Documentos/GitHub/IR2117/tb3_ws/src/olympic_interfaces/install/olympic_interfaces
[1.019s] Invoking command in '/home/usuario/Documentos/GitHub/IR2117/tb3_ws/src/olympic_interfaces/build/olympic_interfaces': CMAKE_PREFIX_PATH=/opt/ros/foxy /usr/bin/cmake --build /home/usuario/Documentos/GitHub/IR2117/tb3_ws/src/olympic_interfaces/build/olympic_interfaces -- -j6 -l6
[1.057s] Invoked command in '/home/usuario/Documentos/GitHub/IR2117/tb3_ws/src/olympic_interfaces/build/olympic_interfaces' returned '0': CMAKE_PREFIX_PATH=/opt/ros/foxy /usr/bin/cmake --build /home/usuario/Documentos/GitHub/IR2117/tb3_ws/src/olympic_interfaces/build/olympic_interfaces -- -j6 -l6
[1.092s] Invoking command in '/home/usuario/Documentos/GitHub/IR2117/tb3_ws/src/olympic_interfaces/build/olympic_interfaces': CMAKE_PREFIX_PATH=/opt/ros/foxy /usr/bin/cmake --install /home/usuario/Documentos/GitHub/IR2117/tb3_ws/src/olympic_interfaces/build/olympic_interfaces
[1.100s] -- Install configuration: ""
[1.100s] -- Installing: /home/usuario/Documentos/GitHub/IR2117/tb3_ws/src/olympic_interfaces/install/olympic_interfaces/share/ament_index/resource_index/package_run_dependencies/olympic_interfaces
[1.101s] -- Installing: /home/usuario/Documentos/GitHub/IR2117/tb3_ws/src/olympic_interfaces/install/olympic_interfaces/share/ament_index/resource_index/parent_prefix_path/olympic_interfaces
[1.101s] -- Installing: /home/usuario/Documentos/GitHub/IR2117/tb3_ws/src/olympic_interfaces/install/olympic_interfaces/share/olympic_interfaces/environment/ament_prefix_path.sh
[1.102s] -- Installing: /home/usuario/Documentos/GitHub/IR2117/tb3_ws/src/olympic_interfaces/install/olympic_interfaces/share/olympic_interfaces/environment/ament_prefix_path.dsv
[1.103s] -- Installing: /home/usuario/Documentos/GitHub/IR2117/tb3_ws/src/olympic_interfaces/install/olympic_interfaces/share/olympic_interfaces/environment/path.sh
[1.103s] -- Installing: /home/usuario/Documentos/GitHub/IR2117/tb3_ws/src/olympic_interfaces/install/olympic_interfaces/share/olympic_interfaces/environment/path.dsv
[1.103s] -- Installing: /home/usuario/Documentos/GitHub/IR2117/tb3_ws/src/olympic_interfaces/install/olympic_interfaces/share/olympic_interfaces/local_setup.bash
[1.104s] -- Installing: /home/usuario/Documentos/GitHub/IR2117/tb3_ws/src/olympic_interfaces/install/olympic_interfaces/share/olympic_interfaces/local_setup.sh
[1.104s] -- Installing: /home/usuario/Documentos/GitHub/IR2117/tb3_ws/src/olympic_interfaces/install/olympic_interfaces/share/olympic_interfaces/local_setup.zsh
[1.105s] -- Installing: /home/usuario/Documentos/GitHub/IR2117/tb3_ws/src/olympic_interfaces/install/olympic_interfaces/share/olympic_interfaces/local_setup.dsv
[1.105s] -- Installing: /home/usuario/Documentos/GitHub/IR2117/tb3_ws/src/olympic_interfaces/install/olympic_interfaces/share/olympic_interfaces/package.dsv
[1.106s] -- Installing: /home/usuario/Documentos/GitHub/IR2117/tb3_ws/src/olympic_interfaces/install/olympic_interfaces/share/ament_index/resource_index/packages/olympic_interfaces
[1.106s] -- Installing: /home/usuario/Documentos/GitHub/IR2117/tb3_ws/src/olympic_interfaces/install/olympic_interfaces/share/olympic_interfaces/cmake/olympic_interfacesConfig.cmake
[1.107s] -- Installing: /home/usuario/Documentos/GitHub/IR2117/tb3_ws/src/olympic_interfaces/install/olympic_interfaces/share/olympic_interfaces/cmake/olympic_interfacesConfig-version.cmake
[1.107s] -- Installing: /home/usuario/Documentos/GitHub/IR2117/tb3_ws/src/olympic_interfaces/install/olympic_interfaces/share/olympic_interfaces/package.xml
[1.109s] Invoked command in '/home/usuario/Documentos/GitHub/IR2117/tb3_ws/src/olympic_interfaces/build/olympic_interfaces' returned '0': CMAKE_PREFIX_PATH=/opt/ros/foxy /usr/bin/cmake --install /home/usuario/Documentos/GitHub/IR2117/tb3_ws/src/olympic_interfaces/build/olympic_interfaces
