[0.031s] Invoking command in '/home/usuario/Documentos/GitHub/IR2117/tb3_ws/build/olympic_interfaces': CMAKE_PREFIX_PATH=/opt/ros/foxy /usr/bin/cmake --build /home/usuario/Documentos/GitHub/IR2117/tb3_ws/build/olympic_interfaces -- -j6 -l6
[0.124s] -- Found ament_cmake: 0.9.11 (/opt/ros/foxy/share/ament_cmake/cmake)
[0.167s] -- Using PYTHON_EXECUTABLE: /usr/bin/python3
[0.380s] -- Found ament_lint_auto: 0.9.7 (/opt/ros/foxy/share/ament_lint_auto/cmake)
[0.491s] -- Added test 'copyright' to check source files copyright and LICENSE
[0.498s] -- Added test 'cppcheck' to perform static code analysis on C / C++ code
[0.498s] -- Configured cppcheck include dirs: 
[0.498s] -- Configured cppcheck exclude dirs and/or files: 
[0.502s] -- Added test 'cpplint' to check C / C++ code against the Google style
[0.502s] -- Configured cpplint exclude dirs and/or files: 
[0.503s] -- Added test 'flake8' to check Python code syntax and style conventions
[0.504s] -- Added test 'lint_cmake' to check CMake code style
[0.505s] -- Added test 'pep257' to check Python code against some of the style conventions in PEP 257
[0.509s] -- Added test 'uncrustify' to check C / C++ code style
[0.509s] -- Configured uncrustify additional arguments: 
[0.510s] -- Added test 'xmllint' to check XML markup files
[0.523s] -- Configuring done
[0.566s] -- Generating done
[0.573s] -- Build files have been written to: /home/usuario/Documentos/GitHub/IR2117/tb3_ws/build/olympic_interfaces
[0.595s] Invoked command in '/home/usuario/Documentos/GitHub/IR2117/tb3_ws/build/olympic_interfaces' returned '0': CMAKE_PREFIX_PATH=/opt/ros/foxy /usr/bin/cmake --build /home/usuario/Documentos/GitHub/IR2117/tb3_ws/build/olympic_interfaces -- -j6 -l6
[0.637s] Invoking command in '/home/usuario/Documentos/GitHub/IR2117/tb3_ws/build/olympic_interfaces': CMAKE_PREFIX_PATH=/opt/ros/foxy /usr/bin/cmake --install /home/usuario/Documentos/GitHub/IR2117/tb3_ws/build/olympic_interfaces
[0.647s] -- Install configuration: ""
[0.647s] -- Up-to-date: /home/usuario/Documentos/GitHub/IR2117/tb3_ws/install/olympic_interfaces/share/ament_index/resource_index/package_run_dependencies/olympic_interfaces
[0.647s] -- Up-to-date: /home/usuario/Documentos/GitHub/IR2117/tb3_ws/install/olympic_interfaces/share/ament_index/resource_index/parent_prefix_path/olympic_interfaces
[0.648s] -- Installing: /home/usuario/Documentos/GitHub/IR2117/tb3_ws/install/olympic_interfaces/share/olympic_interfaces/environment/ament_prefix_path.sh
[0.648s] -- Installing: /home/usuario/Documentos/GitHub/IR2117/tb3_ws/install/olympic_interfaces/share/olympic_interfaces/environment/ament_prefix_path.dsv
[0.650s] -- Installing: /home/usuario/Documentos/GitHub/IR2117/tb3_ws/install/olympic_interfaces/share/olympic_interfaces/environment/path.sh
[0.650s] -- Installing: /home/usuario/Documentos/GitHub/IR2117/tb3_ws/install/olympic_interfaces/share/olympic_interfaces/environment/path.dsv
[0.654s] -- Up-to-date: /home/usuario/Documentos/GitHub/IR2117/tb3_ws/install/olympic_interfaces/share/olympic_interfaces/local_setup.bash
[0.654s] -- Up-to-date: /home/usuario/Documentos/GitHub/IR2117/tb3_ws/install/olympic_interfaces/share/olympic_interfaces/local_setup.sh
[0.654s] -- Up-to-date: /home/usuario/Documentos/GitHub/IR2117/tb3_ws/install/olympic_interfaces/share/olympic_interfaces/local_setup.zsh
[0.654s] -- Installing: /home/usuario/Documentos/GitHub/IR2117/tb3_ws/install/olympic_interfaces/share/olympic_interfaces/local_setup.dsv
[0.655s] -- Installing: /home/usuario/Documentos/GitHub/IR2117/tb3_ws/install/olympic_interfaces/share/olympic_interfaces/package.dsv
[0.657s] -- Up-to-date: /home/usuario/Documentos/GitHub/IR2117/tb3_ws/install/olympic_interfaces/share/ament_index/resource_index/packages/olympic_interfaces
[0.657s] -- Up-to-date: /home/usuario/Documentos/GitHub/IR2117/tb3_ws/install/olympic_interfaces/share/olympic_interfaces/cmake/olympic_interfacesConfig.cmake
[0.657s] -- Up-to-date: /home/usuario/Documentos/GitHub/IR2117/tb3_ws/install/olympic_interfaces/share/olympic_interfaces/cmake/olympic_interfacesConfig-version.cmake
[0.657s] -- Up-to-date: /home/usuario/Documentos/GitHub/IR2117/tb3_ws/install/olympic_interfaces/share/olympic_interfaces/package.xml
[0.659s] Invoked command in '/home/usuario/Documentos/GitHub/IR2117/tb3_ws/build/olympic_interfaces' returned '0': CMAKE_PREFIX_PATH=/opt/ros/foxy /usr/bin/cmake --install /home/usuario/Documentos/GitHub/IR2117/tb3_ws/build/olympic_interfaces
