[0.038s] Invoking command in '/home/adri/Documentos/GitHub/IR2117/tb3_ws/build/olympic': CMAKE_PREFIX_PATH=${CMAKE_PREFIX_PATH}:/opt/ros/foxy /usr/bin/cmake --build /home/adri/Documentos/GitHub/IR2117/tb3_ws/build/olympic -- -j3 -l3
[0.170s] [100%] Built target rings
[0.194s] Invoked command in '/home/adri/Documentos/GitHub/IR2117/tb3_ws/build/olympic' returned '0': CMAKE_PREFIX_PATH=${CMAKE_PREFIX_PATH}:/opt/ros/foxy /usr/bin/cmake --build /home/adri/Documentos/GitHub/IR2117/tb3_ws/build/olympic -- -j3 -l3
[0.267s] Invoking command in '/home/adri/Documentos/GitHub/IR2117/tb3_ws/build/olympic': CMAKE_PREFIX_PATH=${CMAKE_PREFIX_PATH}:/opt/ros/foxy /usr/bin/cmake --install /home/adri/Documentos/GitHub/IR2117/tb3_ws/build/olympic
[0.280s] -- Install configuration: ""
[0.282s] -- Up-to-date: /home/adri/Documentos/GitHub/IR2117/tb3_ws/install/olympic/lib/olympic/rings
[0.283s] -- Up-to-date: /home/adri/Documentos/GitHub/IR2117/tb3_ws/install/olympic/share/ament_index/resource_index/package_run_dependencies/olympic
[0.283s] -- Up-to-date: /home/adri/Documentos/GitHub/IR2117/tb3_ws/install/olympic/share/ament_index/resource_index/parent_prefix_path/olympic
[0.284s] -- Up-to-date: /home/adri/Documentos/GitHub/IR2117/tb3_ws/install/olympic/share/olympic/environment/ament_prefix_path.sh
[0.284s] -- Up-to-date: /home/adri/Documentos/GitHub/IR2117/tb3_ws/install/olympic/share/olympic/environment/ament_prefix_path.dsv
[0.284s] -- Up-to-date: /home/adri/Documentos/GitHub/IR2117/tb3_ws/install/olympic/share/olympic/environment/path.sh
[0.284s] -- Up-to-date: /home/adri/Documentos/GitHub/IR2117/tb3_ws/install/olympic/share/olympic/environment/path.dsv
[0.285s] -- Up-to-date: /home/adri/Documentos/GitHub/IR2117/tb3_ws/install/olympic/share/olympic/local_setup.bash
[0.285s] -- Up-to-date: /home/adri/Documentos/GitHub/IR2117/tb3_ws/install/olympic/share/olympic/local_setup.sh
[0.285s] -- Up-to-date: /home/adri/Documentos/GitHub/IR2117/tb3_ws/install/olympic/share/olympic/local_setup.zsh
[0.286s] -- Up-to-date: /home/adri/Documentos/GitHub/IR2117/tb3_ws/install/olympic/share/olympic/local_setup.dsv
[0.286s] -- Installing: /home/adri/Documentos/GitHub/IR2117/tb3_ws/install/olympic/share/olympic/package.dsv
[0.286s] -- Up-to-date: /home/adri/Documentos/GitHub/IR2117/tb3_ws/install/olympic/share/ament_index/resource_index/packages/olympic
[0.286s] -- Up-to-date: /home/adri/Documentos/GitHub/IR2117/tb3_ws/install/olympic/share/olympic/cmake/olympicConfig.cmake
[0.287s] -- Up-to-date: /home/adri/Documentos/GitHub/IR2117/tb3_ws/install/olympic/share/olympic/cmake/olympicConfig-version.cmake
[0.287s] -- Up-to-date: /home/adri/Documentos/GitHub/IR2117/tb3_ws/install/olympic/share/olympic/package.xml
[0.293s] Invoked command in '/home/adri/Documentos/GitHub/IR2117/tb3_ws/build/olympic' returned '0': CMAKE_PREFIX_PATH=${CMAKE_PREFIX_PATH}:/opt/ros/foxy /usr/bin/cmake --install /home/adri/Documentos/GitHub/IR2117/tb3_ws/build/olympic
